Fri Mar 22 07:13:50 UTC 2024
MaxEnt version 3.4.3
Reading file absence
readGrid: max memory 518979584, total allocated 81133568, free 63833600, used 17299968, increment 17299968
Reading samples from presence
Read samples: max memory 518979584, total allocated 81133568, free 77680576, used 3452992, increment -13846976
Adding samples to background in feature space
Command line used:  autorun -e maxent_outputs/absence -o maxent_outputs -s maxent_outputs/presence -z
Command line to repeat: java density.MaxEnt nowarnings noprefixes outputdirectory=maxent_outputs samplesfile=maxent_outputs/presence environmentallayers=maxent_outputs/absence autorun novisible
Species: species
Layers: wc2.1_2.5m_bio_1 wc2.1_2.5m_bio_10 wc2.1_2.5m_bio_11 wc2.1_2.5m_bio_12 wc2.1_2.5m_bio_13 wc2.1_2.5m_bio_14 wc2.1_2.5m_bio_15 wc2.1_2.5m_bio_16 wc2.1_2.5m_bio_17 wc2.1_2.5m_bio_18 wc2.1_2.5m_bio_19 wc2.1_2.5m_bio_2 wc2.1_2.5m_bio_3 wc2.1_2.5m_bio_4 wc2.1_2.5m_bio_5 wc2.1_2.5m_bio_6 wc2.1_2.5m_bio_7 wc2.1_2.5m_bio_8 wc2.1_2.5m_bio_9
Layertypes: Continuous Continuous Continuous Continuous Continuous Continuous Continuous Continuous Continuous Continuous Continuous Continuous Continuous Continuous Continuous Continuous Continuous Continuous Continuous
outputdirectory: maxent_outputs
samplesfile: maxent_outputs/presence
environmentallayers: maxent_outputs/absence
autorun: true
visible: false

getSamples: max memory 518979584, total allocated 81133568, free 69556224, used 11577344, increment 8124352
Making features
makeFeatures: max memory 518979584, total allocated 81133568, free 68231872, used 12901696, increment 1324352
species: 
Regularization values: linear/quadratic/product: 0.050, categorical: 0.250, threshold: 1.000, hinge: 0.500
252 samples
Density: max memory 518979584, total allocated 81133568, free 65152568, used 15981000, increment 3079304
linearPredictor: max memory 518979584, total allocated 81133568, free 65152568, used 15981000, increment 0
FeaturedSpace: max memory 518979584, total allocated 81133568, free 65152568, used 15981000, increment 0
Sequential: max memory 518979584, total allocated 81133568, free 65152568, used 15981000, increment 0
Initial loss: 6.173786103901937
Time since start: 1.251
500: time = 0.929000 loss = 5.846443
Resulting gain: 0.3273426129095167
Time since start: 2.303
Projecting...
Writing file maxent_outputs/species.csv
Ending
